<?xml version="1.0" encoding="UTF-8"?><testsuite errors="0" failures="1" name="com.restful.booker.bookinginfo.BookingCURDTestWithSteps" skipped="0" tests="5" time="5.25" timestamp="2023-01-03T23:59:30.340Z[Europe/London]"><testcase classname="com.restful.booker.bookinginfo.BookingCURDTestWithSteps" name="This will create token"/><testcase classname="com.restful.booker.bookinginfo.BookingCURDTestWithSteps" name="This will create Booking"/><testcase classname="com.restful.booker.bookinginfo.BookingCURDTestWithSteps" name="Verify booking is created "><failure message="&#10;Expected: iterable containing [&lt;4440&gt;]&#10;     but: was null" type="java.lang.AssertionError">
Expected: iterable containing [&lt;4440&gt;]
     but: was null</failure><system-err>
Expected: iterable containing [&lt;4440&gt;]
     but: was null&#13;
com.restful.booker.bookinginfo.BookingCURDTestWithSteps.test003(BookingCURDTestWithSteps.java:67)&#13;
</system-err></testcase><testcase classname="com.restful.booker.bookinginfo.BookingCURDTestWithSteps" name="Update booking information"/><testcase classname="com.restful.booker.bookinginfo.BookingCURDTestWithSteps" name="Delete booking and verify that booking deleted "/></testsuite>